<?xml version="1.0" encoding="UTF-8"?>
<!-- Generated by org.testng.reporters.JUnitXMLReporter -->
<testsuite ignored="0" hostname="DM-PC" failures="0" tests="7" name="Default test" time="0.164" errors="0" timestamp="2022-07-17T19:38:17 IST">
  <testcase classname="CalculatorTest" name="emptyStringReturnZero" time="0.091"/>
  <testcase classname="CalculatorTest" name="ignoreNumbersGreaterThan1000" time="0.001"/>
  <testcase classname="CalculatorTest" name="negativeInputReturnsException" time="0.001"/>
  <testcase classname="CalculatorTest" name="singleValueIsReplied" time="0.001"/>
  <testcase classname="CalculatorTest" name="threeNumbersDelimitedBothWaysReturnsSum" time="0.003"/>
  <testcase classname="CalculatorTest" name="twoNumbersCommaDelimitedReturnSum" time="0.001"/>
  <testcase classname="CalculatorTest" name="twoNumbersNewLineDelimitedReturnsSum" time="0.003"/>
</testsuite> <!-- Default test -->
